#
# There is insufficient memory for the Java Runtime Environment to continue.
# Native memory allocation (mmap) failed to map 67108864 bytes for G1 virtual space
# Possible reasons:
#   The system is out of physical RAM or swap space
#   The process is running with CompressedOops enabled, and the Java Heap may be blocking the growth of the native heap
# Possible solutions:
#   Reduce memory load on the system
#   Increase physical memory or swap space
#   Check if swap backing store is full
#   Decrease Java heap size (-Xmx/-Xms)
#   Decrease number of Java threads
#   Decrease Java thread stack sizes (-Xss)
#   Set larger code cache with -XX:ReservedCodeCacheSize=
#   JVM is running with Unscaled Compressed Oops mode in which the Java heap is
#     placed in the first 4GB address space. The Java Heap base address is the
#     maximum limit for the native heap growth. Please use -XX:HeapBaseMinAddress
#     to set the Java Heap base and to place the Java Heap above 4GB virtual address.
# This output file may be truncated or incomplete.
#
#  Out of Memory Error (os_windows.cpp:3548), pid=19108, tid=4168
#
# JRE version:  (17.0.10+11) (build )
# Java VM: Java HotSpot(TM) 64-Bit Server VM (17.0.10+11-LTS-240, mixed mode, sharing, tiered, compressed oops, compressed class ptrs, g1 gc, windows-amd64)
# No core dump will be written. Minidumps are not enabled by default on client versions of Windows
#

---------------  S U M M A R Y ------------

Command Line: -Xmx64m -Xms64m -Dorg.gradle.appname=gradlew org.gradle.wrapper.GradleWrapperMain app:installDebug -PreactNativeDevServerPort=8081

Host: Intel(R) Core(TM) i5-8365U CPU @ 1.60GHz, 8 cores, 15G,  Windows 10 , 64 bit Build 19041 (10.0.19041.3636)
Time: Fri Apr 26 12:04:46 2024 Pakistan Standard Time elapsed time: 0.027514 seconds (0d 0h 0m 0s)

---------------  T H R E A D  ---------------

Current thread (0x000001c204257ea0):  JavaThread "Unknown thread" [_thread_in_vm, id=4168, stack(0x0000003101e00000,0x0000003101f00000)]

Stack: [0x0000003101e00000,0x0000003101f00000]
Native frames: (J=compiled Java code, j=interpreted, Vv=VM code, C=native code)
V  [jvm.dll+0x677a5a]
V  [jvm.dll+0x7d8b2d]
V  [jvm.dll+0x7da48e]
V  [jvm.dll+0x7daaf3]
V  [jvm.dll+0x2455ff]
V  [jvm.dll+0x6749b9]
V  [jvm.dll+0x669382]
V  [jvm.dll+0x302e96]
V  [jvm.dll+0x30a416]
V  [jvm.dll+0x359cbe]
V  [jvm.dll+0x359eef]
V  [jvm.dll+0x2d9e88]
V  [jvm.dll+0x2dadf4]
V  [jvm.dll+0x7aa551]
V  [jvm.dll+0x367911]
V  [jvm.dll+0x789639]
V  [jvm.dll+0x3eb30f]
V  [jvm.dll+0x3ecd91]
C  [jli.dll+0x5297]
C  [ucrtbase.dll+0x21bb2]
C  [KERNEL32.DLL+0x17344]
C  [ntdll.dll+0x526b1]


---------------  P R O C E S S  ---------------

Threads class SMR info:
_java_thread_list=0x00007ffd2eba6a18, length=0, elements={
}

Java Threads: ( => current thread )

Other Threads:
  0x000001c204278940 GCTaskThread "GC Thread#0" [stack: 0x0000003101f00000,0x0000003102000000] [id=21712]
  0x000001c20427afb0 ConcurrentGCThread "G1 Main Marker" [stack: 0x0000003102000000,0x0000003102100000] [id=6868]
  0x000001c20427b8d0 ConcurrentGCThread "G1 Conc#0" [stack: 0x0000003102100000,0x0000003102200000] [id=15920]

[error occurred during error reporting (printing all threads), id 0xc0000005, EXCEPTION_ACCESS_VIOLATION (0xc0000005) at pc=0x00007ffd2e3daae7]

VM state: not at safepoint (not fully initialized)

VM Mutex/Monitor currently owned by a thread:  ([mutex/lock_event])
[0x000001c204254400] Heap_lock - owner thread: 0x000001c204257ea0

Heap address: 0x00000000fc000000, size: 64 MB, Compressed Oops mode: 32-bit

CDS archive(s) mapped at: [0x0000000000000000-0x0000000000000000-0x0000000000000000), size 0, SharedBaseAddress: 0x0000000800000000, ArchiveRelocationMode: 1.
Narrow klass base: 0x0000000000000000, Narrow klass shift: 0, Narrow klass range: 0x0

GC Precious Log:
<Empty>

Heap:
 garbage-first heap   total 0K, used 0K [0x00000000fc000000, 0x0000000100000000)
  region size 1024K, 0 young (0K), 0 survivors (0K)

[error occurred during error reporting (printing heap information), id 0xc0000005, EXCEPTION_ACCESS_VIOLATION (0xc0000005) at pc=0x00007ffd2e7c1249]

GC Heap History (0 events):
No events

Deoptimization events (0 events):
No events

Classes unloaded (0 events):
No events

Classes redefined (0 events):
No events

Internal exceptions (0 events):
No events

VM Operations (0 events):
No events

Events (1 events):
Event: 0.016 Loaded shared library C:\Program Files\Java\jdk-17\bin\java.dll


Dynamic libraries:
0x00007ff6edfa0000 - 0x00007ff6edfb0000 	C:\Program Files\Java\jdk-17\bin\java.exe
0x00007ffdce9b0000 - 0x00007ffdceba8000 	C:\Windows\SYSTEM32\ntdll.dll
0x00007ffdce7d0000 - 0x00007ffdce88d000 	C:\Windows\System32\KERNEL32.DLL
0x00007ffdcc3b0000 - 0x00007ffdcc6a6000 	C:\Windows\System32\KERNELBASE.dll
0x00007ffdcc720000 - 0x00007ffdcc820000 	C:\Windows\System32\ucrtbase.dll
0x00007ffdc42f0000 - 0x00007ffdc4309000 	C:\Program Files\Java\jdk-17\bin\jli.dll
0x00007ffda7860000 - 0x00007ffda787b000 	C:\Program Files\Java\jdk-17\bin\VCRUNTIME140.dll
0x00007ffdce890000 - 0x00007ffdce940000 	C:\Windows\System32\ADVAPI32.dll
0x00007ffdcdb00000 - 0x00007ffdcdb9e000 	C:\Windows\System32\msvcrt.dll
0x00007ffdcca40000 - 0x00007ffdccae0000 	C:\Windows\System32\sechost.dll
0x00007ffdcd7a0000 - 0x00007ffdcd8c3000 	C:\Windows\System32\RPCRT4.dll
0x00007ffdcc380000 - 0x00007ffdcc3a7000 	C:\Windows\System32\bcrypt.dll
0x00007ffdce0e0000 - 0x00007ffdce27f000 	C:\Windows\System32\USER32.dll
0x00007ffdcc1f0000 - 0x00007ffdcc212000 	C:\Windows\System32\win32u.dll
0x00007ffdbb6d0000 - 0x00007ffdbb96a000 	C:\Windows\WinSxS\amd64_microsoft.windows.common-controls_6595b64144ccf1df_6.0.19041.3636_none_60b6a03d71f818d5\COMCTL32.dll
0x00007ffdcd770000 - 0x00007ffdcd79b000 	C:\Windows\System32\GDI32.dll
0x00007ffdcc820000 - 0x00007ffdcc937000 	C:\Windows\System32\gdi32full.dll
0x00007ffdcc940000 - 0x00007ffdcc9dd000 	C:\Windows\System32\msvcp_win.dll
0x00007ffdc52c0000 - 0x00007ffdc52ca000 	C:\Windows\SYSTEM32\VERSION.dll
0x00007ffdcdcc0000 - 0x00007ffdcdcf2000 	C:\Windows\System32\IMM32.DLL
0x00007ffdc6580000 - 0x00007ffdc658c000 	C:\Program Files\Java\jdk-17\bin\vcruntime140_1.dll
0x00007ffd90750000 - 0x00007ffd907de000 	C:\Program Files\Java\jdk-17\bin\msvcp140.dll
0x00007ffd2e0f0000 - 0x00007ffd2eccf000 	C:\Program Files\Java\jdk-17\bin\server\jvm.dll
0x00007ffdccb40000 - 0x00007ffdccb48000 	C:\Windows\System32\PSAPI.DLL
0x00007ffdb36a0000 - 0x00007ffdb36a9000 	C:\Windows\SYSTEM32\WSOCK32.dll
0x00007ffdc03d0000 - 0x00007ffdc03f7000 	C:\Windows\SYSTEM32\WINMM.dll
0x00007ffdcdba0000 - 0x00007ffdcdc0b000 	C:\Windows\System32\WS2_32.dll
0x00007ffdca840000 - 0x00007ffdca852000 	C:\Windows\SYSTEM32\kernel.appcore.dll
0x00007ffdc4420000 - 0x00007ffdc442a000 	C:\Program Files\Java\jdk-17\bin\jimage.dll
0x00007ffdca4d0000 - 0x00007ffdca6b4000 	C:\Windows\SYSTEM32\DBGHELP.DLL
0x00007ffdb7770000 - 0x00007ffdb77a4000 	C:\Windows\SYSTEM32\dbgcore.DLL
0x00007ffdcc0b0000 - 0x00007ffdcc132000 	C:\Windows\System32\bcryptPrimitives.dll
0x00007ffd9ca90000 - 0x00007ffd9cab5000 	C:\Program Files\Java\jdk-17\bin\java.dll

dbghelp: loaded successfully - version: 4.0.5 - missing functions: none
symbol engine: initialized successfully - sym options: 0x614 - pdb path: .;C:\Program Files\Java\jdk-17\bin;C:\Windows\SYSTEM32;C:\Windows\WinSxS\amd64_microsoft.windows.common-controls_6595b64144ccf1df_6.0.19041.3636_none_60b6a03d71f818d5;C:\Program Files\Java\jdk-17\bin\server

VM Arguments:
jvm_args: -Xmx64m -Xms64m -Dorg.gradle.appname=gradlew 
java_command: org.gradle.wrapper.GradleWrapperMain app:installDebug -PreactNativeDevServerPort=8081
java_class_path (initial): D:\tailortwo\android\\gradle\wrapper\gradle-wrapper.jar
Launcher Type: SUN_STANDARD

[Global flags]
     intx CICompilerCount                          = 4                                         {product} {ergonomic}
     uint ConcGCThreads                            = 2                                         {product} {ergonomic}
     uint G1ConcRefinementThreads                  = 8                                         {product} {ergonomic}
   size_t G1HeapRegionSize                         = 1048576                                   {product} {ergonomic}
    uintx GCDrainStackTargetSize                   = 64                                        {product} {ergonomic}
   size_t InitialHeapSize                          = 67108864                                  {product} {command line}
   size_t MarkStackSize                            = 4194304                                   {product} {ergonomic}
   size_t MaxHeapSize                              = 67108864                                  {product} {command line}
   size_t MinHeapDeltaBytes                        = 1048576                                   {product} {ergonomic}
   size_t MinHeapSize                              = 67108864                                  {product} {command line}
    uintx NonNMethodCodeHeapSize                   = 5839372                                {pd product} {ergonomic}
    uintx NonProfiledCodeHeapSize                  = 122909434                              {pd product} {ergonomic}
    uintx ProfiledCodeHeapSize                     = 122909434                              {pd product} {ergonomic}
    uintx ReservedCodeCacheSize                    = 251658240                              {pd product} {ergonomic}
     bool SegmentedCodeCache                       = true                                      {product} {ergonomic}
   size_t SoftMaxHeapSize                          = 67108864                               {manageable} {ergonomic}
     bool UseCompressedClassPointers               = true                           {product lp64_product} {ergonomic}
     bool UseCompressedOops                        = true                           {product lp64_product} {ergonomic}
     bool UseG1GC                                  = true                                      {product} {ergonomic}
     bool UseLargePagesIndividualAllocation        = false                                  {pd product} {ergonomic}

Logging:
Log output configuration:
 #0: stdout all=warning uptime,level,tags
 #1: stderr all=off uptime,level,tags

Environment Variables:
JAVA_HOME=C:\Program Files\Java\jdk-17
CLASSPATH=D:\tailortwo\android\\gradle\wrapper\gradle-wrapper.jar
PATH=D:\tailortwo\node_modules\.bin;D:\tailortwo\node_modules\.bin;D:\node_modules\.bin;C:\Program Files\nodejs\node_modules\npm\node_modules\@npmcli\run-script\lib\node-gyp-bin;D:\tailortwo\node_modules\.bin;D:\node_modules\.bin;C:\Program Files\nodejs\node_modules\npm\node_modules\@npmcli\run-script\lib\node-gyp-bin;C:\Program Files (x86)\Common Files\Intel\Shared Libraries\redist\intel64\compiler;C:\Python312\Scripts\;C:\Python312\;C:\Program Files\Java\jdk-17\bin;C:\Windows\system32;C:\Windows;C:\Windows\System32\Wbem;C:\Windows\System32\WindowsPowerShell\v1.0\;C:\Windows\System32\OpenSSH\;C:\Program Files\Intel\WiFi\bin\;C:\Program Files\Common Files\Intel\WirelessCommon\;C:\ProgramData\chocolatey\bin;C:\Program Files\nodejs\;C:\Program Files\Git\cmd;C:\Users\Shining star\AppData\Local\Android\Sdk\platform-tools;C:\Users\Shining star\AppData\Local\Android\Sdk\tools;C:\Program Files\MySQL\MySQL Shell 8.0\bin\;C:\Users\Shining star\AppData\Local\Android\Sdk\tools;C:\Users\Shining star\AppData\Local\Microsoft\WindowsApps;C:\Users\Shining star\AppData\Local\Programs\Microsoft VS Code\bin;C:\Users\Shining star\AppData\Roaming\npm;C:\Users\Shining star\AppData\Local\Android\Sdk\platform-tools;C:\ProgramData\Shining star\GitHubDesktop\bin;C:\Users\Shining star\AppData\Local\GitHubDesktop\bin;C:\Users\Shining star\AppData\Local\Programs\mongosh" 
USERNAME=Shining star
LANG=en_US.UTF-8
OS=Windows_NT
PROCESSOR_IDENTIFIER=Intel64 Family 6 Model 142 Stepping 12, GenuineIntel



---------------  S Y S T E M  ---------------

OS:
 Windows 10 , 64 bit Build 19041 (10.0.19041.3636)
OS uptime: 1 days 23:57 hours
Hyper-V role detected

CPU: total 8 (initial active 8) (4 cores per cpu, 2 threads per core) family 6 model 142 stepping 12 microcode 0xf0, cx8, cmov, fxsr, ht, mmx, 3dnowpref, sse, sse2, sse3, ssse3, sse4.1, sse4.2, popcnt, lzcnt, tsc, tscinvbit, avx, avx2, aes, erms, clmul, bmi1, bmi2, adx, fma, vzeroupper, clflush, clflushopt, hv

Memory: 4k page, system-wide physical 16101M (3692M free)
TotalPageFile size 22686M (AvailPageFile size 58M)
current process WorkingSet (physical memory assigned to process): 10M, peak: 10M
current process commit charge ("private bytes"): 59M, peak: 123M

vm_info: Java HotSpot(TM) 64-Bit Server VM (17.0.10+11-LTS-240) for windows-amd64 JRE (17.0.10+11-LTS-240), built on Dec 19 2023 21:47:25 by "mach5one" with MS VC++ 17.1 (VS2022)

END.
